# JRE version: OpenJDK Runtime Environment Temurin-17.0.8.1+1 (17.0.8.1+1) (build 17.0.8.1+1)
# Java VM: OpenJDK 64-Bit Server VM Temurin-17.0.8.1+1 (17.0.8.1+1, mixed mode, emulated-client, tiered, compressed oops, compressed class ptrs, g1 gc, windows-amd64)
GC Precious Log:
 CPUs: 12 total, 12 available
 Memory: 8013M
 Large Page Support: Disabled
 NUMA Support: Disabled
 Compressed Oops: Enabled (32-bit)
 Heap Region Size: 1M
 Heap Min Capacity: 8M
 Heap Initial Capacity: 126M
 Heap Max Capacity: 1G
 Pre-touch: Disabled
 Parallel Workers: 10
 Concurrent Workers: 3
 Concurrent Refinement Workers: 10
 Periodic GC: Disabled
Heap:
 garbage-first heap   total 81920K, used 33130K [0x00000000c0000000, 0x0000000100000000)
  region size 1024K, 1 young (1024K), 0 survivors (0K)
 Metaspace       used 57176K, committed 57600K, reserved 1114112K
  class space    used 7329K, committed 7552K, reserved 1048576K
GC Heap History (20 events):
Event: 2897.450 GC heap before
{Heap before GC invocations=272 (full 243):
 garbage-first heap   total 81920K, used 33130K [0x00000000c0000000, 0x0000000100000000)
  region size 1024K, 1 young (1024K), 0 survivors (0K)
 Metaspace       used 57176K, committed 57600K, reserved 1114112K
  class space    used 7329K, committed 7552K, reserved 1048576K
}
Event: 2897.474 GC heap after
{Heap after GC invocations=273 (full 244):
 garbage-first heap   total 81920K, used 33130K [0x00000000c0000000, 0x0000000100000000)
  region size 1024K, 0 young (0K), 0 survivors (0K)
 Metaspace       used 57176K, committed 57600K, reserved 1114112K
  class space    used 7329K, committed 7552K, reserved 1048576K
}
Event: 2907.588 GC heap before
{Heap before GC invocations=273 (full 244):
 garbage-first heap   total 81920K, used 33130K [0x00000000c0000000, 0x0000000100000000)
  region size 1024K, 1 young (1024K), 0 survivors (0K)
 Metaspace       used 57176K, committed 57600K, reserved 1114112K
  class space    used 7329K, committed 7552K, reserved 1048576K
}
Event: 2907.614 GC heap after
{Heap after GC invocations=274 (full 245):
 garbage-first heap   total 81920K, used 33130K [0x00000000c0000000, 0x0000000100000000)
  region size 1024K, 0 young (0K), 0 survivors (0K)
 Metaspace       used 57176K, committed 57600K, reserved 1114112K
  class space    used 7329K, committed 7552K, reserved 1048576K
}
Event: 2917.718 GC heap before
{Heap before GC invocations=274 (full 245):
 garbage-first heap   total 81920K, used 33130K [0x00000000c0000000, 0x0000000100000000)
  region size 1024K, 1 young (1024K), 0 survivors (0K)
 Metaspace       used 57176K, committed 57600K, reserved 1114112K
  class space    used 7329K, committed 7552K, reserved 1048576K
}
Event: 2917.745 GC heap after
{Heap after GC invocations=275 (full 246):
 garbage-first heap   total 81920K, used 33130K [0x00000000c0000000, 0x0000000100000000)
  region size 1024K, 0 young (0K), 0 survivors (0K)
 Metaspace       used 57176K, committed 57600K, reserved 1114112K
  class space    used 7329K, committed 7552K, reserved 1048576K
}
Event: 2927.979 GC heap before
{Heap before GC invocations=275 (full 246):
 garbage-first heap   total 81920K, used 33130K [0x00000000c0000000, 0x0000000100000000)
  region size 1024K, 1 young (1024K), 0 survivors (0K)
 Metaspace       used 57176K, committed 57600K, reserved 1114112K
  class space    used 7329K, committed 7552K, reserved 1048576K
}
Event: 2928.049 GC heap after
{Heap after GC invocations=276 (full 247):
 garbage-first heap   total 81920K, used 33130K [0x00000000c0000000, 0x0000000100000000)
  region size 1024K, 0 young (0K), 0 survivors (0K)
 Metaspace       used 57176K, committed 57600K, reserved 1114112K
  class space    used 7329K, committed 7552K, reserved 1048576K
}
Event: 2938.259 GC heap before
{Heap before GC invocations=276 (full 247):
 garbage-first heap   total 81920K, used 33130K [0x00000000c0000000, 0x0000000100000000)
  region size 1024K, 1 young (1024K), 0 survivors (0K)
 Metaspace       used 57176K, committed 57600K, reserved 1114112K
  class space    used 7329K, committed 7552K, reserved 1048576K
}
Event: 2938.340 GC heap after
{Heap after GC invocations=277 (full 248):
 garbage-first heap   total 81920K, used 33130K [0x00000000c0000000, 0x0000000100000000)
  region size 1024K, 0 young (0K), 0 survivors (0K)
 Metaspace       used 57176K, committed 57600K, reserved 1114112K
  class space    used 7329K, committed 7552K, reserved 1048576K
}
Event: 2948.626 GC heap before
{Heap before GC invocations=277 (full 248):
 garbage-first heap   total 81920K, used 33130K [0x00000000c0000000, 0x0000000100000000)
  region size 1024K, 1 young (1024K), 0 survivors (0K)
 Metaspace       used 57176K, committed 57600K, reserved 1114112K
  class space    used 7329K, committed 7552K, reserved 1048576K
}
Event: 2948.689 GC heap after
{Heap after GC invocations=278 (full 249):
 garbage-first heap   total 81920K, used 33130K [0x00000000c0000000, 0x0000000100000000)
  region size 1024K, 0 young (0K), 0 survivors (0K)
 Metaspace       used 57176K, committed 57600K, reserved 1114112K
  class space    used 7329K, committed 7552K, reserved 1048576K
}
Event: 2958.773 GC heap before
{Heap before GC invocations=278 (full 249):
 garbage-first heap   total 81920K, used 33130K [0x00000000c0000000, 0x0000000100000000)
  region size 1024K, 1 young (1024K), 0 survivors (0K)
 Metaspace       used 57176K, committed 57600K, reserved 1114112K
  class space    used 7329K, committed 7552K, reserved 1048576K
}
Event: 2958.796 GC heap after
{Heap after GC invocations=279 (full 250):
 garbage-first heap   total 81920K, used 33130K [0x00000000c0000000, 0x0000000100000000)
  region size 1024K, 0 young (0K), 0 survivors (0K)
 Metaspace       used 57176K, committed 57600K, reserved 1114112K
  class space    used 7329K, committed 7552K, reserved 1048576K
}
Event: 2968.891 GC heap before
{Heap before GC invocations=279 (full 250):
 garbage-first heap   total 81920K, used 33130K [0x00000000c0000000, 0x0000000100000000)
  region size 1024K, 1 young (1024K), 0 survivors (0K)
 Metaspace       used 57176K, committed 57600K, reserved 1114112K
  class space    used 7329K, committed 7552K, reserved 1048576K
}
Event: 2968.917 GC heap after
{Heap after GC invocations=280 (full 251):
 garbage-first heap   total 81920K, used 33130K [0x00000000c0000000, 0x0000000100000000)
  region size 1024K, 0 young (0K), 0 survivors (0K)
 Metaspace       used 57176K, committed 57600K, reserved 1114112K
  class space    used 7329K, committed 7552K, reserved 1048576K
}
Event: 2979.014 GC heap before
{Heap before GC invocations=280 (full 251):
 garbage-first heap   total 81920K, used 33130K [0x00000000c0000000, 0x0000000100000000)
  region size 1024K, 1 young (1024K), 0 survivors (0K)
 Metaspace       used 57176K, committed 57600K, reserved 1114112K
  class space    used 7329K, committed 7552K, reserved 1048576K
}
Event: 2979.038 GC heap after
{Heap after GC invocations=281 (full 252):
 garbage-first heap   total 81920K, used 33130K [0x00000000c0000000, 0x0000000100000000)
  region size 1024K, 0 young (0K), 0 survivors (0K)
 Metaspace       used 57176K, committed 57600K, reserved 1114112K
  class space    used 7329K, committed 7552K, reserved 1048576K
}
Event: 2989.126 GC heap before
{Heap before GC invocations=281 (full 252):
 garbage-first heap   total 81920K, used 33130K [0x00000000c0000000, 0x0000000100000000)
  region size 1024K, 1 young (1024K), 0 survivors (0K)
 Metaspace       used 57176K, committed 57600K, reserved 1114112K
  class space    used 7329K, committed 7552K, reserved 1048576K
}
Event: 2989.150 GC heap after
{Heap after GC invocations=282 (full 253):
 garbage-first heap   total 81920K, used 33130K [0x00000000c0000000, 0x0000000100000000)
  region size 1024K, 0 young (0K), 0 survivors (0K)
 Metaspace       used 57176K, committed 57600K, reserved 1114112K
  class space    used 7329K, committed 7552K, reserved 1048576K
}

