# JRE version: OpenJDK Runtime Environment Temurin-17.0.8.1+1 (17.0.8.1+1) (build 17.0.8.1+1)
# Java VM: OpenJDK 64-Bit Server VM Temurin-17.0.8.1+1 (17.0.8.1+1, mixed mode, emulated-client, tiered, compressed oops, compressed class ptrs, g1 gc, windows-amd64)
GC Precious Log:
 CPUs: 12 total, 12 available
 Memory: 8013M
 Large Page Support: Disabled
 NUMA Support: Disabled
 Compressed Oops: Enabled (32-bit)
 Heap Region Size: 1M
 Heap Min Capacity: 8M
 Heap Initial Capacity: 126M
 Heap Max Capacity: 1G
 Pre-touch: Disabled
 Parallel Workers: 10
 Concurrent Workers: 3
 Concurrent Refinement Workers: 10
 Periodic GC: Disabled
Heap:
 garbage-first heap   total 81920K, used 32091K [0x00000000c0000000, 0x0000000100000000)
  region size 1024K, 1 young (1024K), 0 survivors (0K)
 Metaspace       used 55814K, committed 56320K, reserved 1114112K
  class space    used 7107K, committed 7360K, reserved 1048576K
GC Heap History (20 events):
Event: 21469.704 GC heap before
{Heap before GC invocations=2110 (full 2083):
 garbage-first heap   total 81920K, used 32091K [0x00000000c0000000, 0x0000000100000000)
  region size 1024K, 1 young (1024K), 0 survivors (0K)
 Metaspace       used 55814K, committed 56320K, reserved 1114112K
  class space    used 7107K, committed 7360K, reserved 1048576K
}
Event: 21469.725 GC heap after
{Heap after GC invocations=2111 (full 2084):
 garbage-first heap   total 81920K, used 32091K [0x00000000c0000000, 0x0000000100000000)
  region size 1024K, 0 young (0K), 0 survivors (0K)
 Metaspace       used 55814K, committed 56320K, reserved 1114112K
  class space    used 7107K, committed 7360K, reserved 1048576K
}
Event: 21479.808 GC heap before
{Heap before GC invocations=2111 (full 2084):
 garbage-first heap   total 81920K, used 32091K [0x00000000c0000000, 0x0000000100000000)
  region size 1024K, 1 young (1024K), 0 survivors (0K)
 Metaspace       used 55814K, committed 56320K, reserved 1114112K
  class space    used 7107K, committed 7360K, reserved 1048576K
}
Event: 21479.834 GC heap after
{Heap after GC invocations=2112 (full 2085):
 garbage-first heap   total 81920K, used 32091K [0x00000000c0000000, 0x0000000100000000)
  region size 1024K, 0 young (0K), 0 survivors (0K)
 Metaspace       used 55814K, committed 56320K, reserved 1114112K
  class space    used 7107K, committed 7360K, reserved 1048576K
}
Event: 21489.940 GC heap before
{Heap before GC invocations=2112 (full 2085):
 garbage-first heap   total 81920K, used 32091K [0x00000000c0000000, 0x0000000100000000)
  region size 1024K, 1 young (1024K), 0 survivors (0K)
 Metaspace       used 55814K, committed 56320K, reserved 1114112K
  class space    used 7107K, committed 7360K, reserved 1048576K
}
Event: 21489.964 GC heap after
{Heap after GC invocations=2113 (full 2086):
 garbage-first heap   total 81920K, used 32091K [0x00000000c0000000, 0x0000000100000000)
  region size 1024K, 0 young (0K), 0 survivors (0K)
 Metaspace       used 55814K, committed 56320K, reserved 1114112K
  class space    used 7107K, committed 7360K, reserved 1048576K
}
Event: 21500.060 GC heap before
{Heap before GC invocations=2113 (full 2086):
 garbage-first heap   total 81920K, used 32091K [0x00000000c0000000, 0x0000000100000000)
  region size 1024K, 1 young (1024K), 0 survivors (0K)
 Metaspace       used 55814K, committed 56320K, reserved 1114112K
  class space    used 7107K, committed 7360K, reserved 1048576K
}
Event: 21500.084 GC heap after
{Heap after GC invocations=2114 (full 2087):
 garbage-first heap   total 81920K, used 32091K [0x00000000c0000000, 0x0000000100000000)
  region size 1024K, 0 young (0K), 0 survivors (0K)
 Metaspace       used 55814K, committed 56320K, reserved 1114112K
  class space    used 7107K, committed 7360K, reserved 1048576K
}
Event: 21510.178 GC heap before
{Heap before GC invocations=2114 (full 2087):
 garbage-first heap   total 81920K, used 32091K [0x00000000c0000000, 0x0000000100000000)
  region size 1024K, 1 young (1024K), 0 survivors (0K)
 Metaspace       used 55814K, committed 56320K, reserved 1114112K
  class space    used 7107K, committed 7360K, reserved 1048576K
}
Event: 21510.200 GC heap after
{Heap after GC invocations=2115 (full 2088):
 garbage-first heap   total 81920K, used 32091K [0x00000000c0000000, 0x0000000100000000)
  region size 1024K, 0 young (0K), 0 survivors (0K)
 Metaspace       used 55814K, committed 56320K, reserved 1114112K
  class space    used 7107K, committed 7360K, reserved 1048576K
}
Event: 21520.286 GC heap before
{Heap before GC invocations=2115 (full 2088):
 garbage-first heap   total 81920K, used 32091K [0x00000000c0000000, 0x0000000100000000)
  region size 1024K, 1 young (1024K), 0 survivors (0K)
 Metaspace       used 55814K, committed 56320K, reserved 1114112K
  class space    used 7107K, committed 7360K, reserved 1048576K
}
Event: 21520.309 GC heap after
{Heap after GC invocations=2116 (full 2089):
 garbage-first heap   total 81920K, used 32091K [0x00000000c0000000, 0x0000000100000000)
  region size 1024K, 0 young (0K), 0 survivors (0K)
 Metaspace       used 55814K, committed 56320K, reserved 1114112K
  class space    used 7107K, committed 7360K, reserved 1048576K
}
Event: 21530.413 GC heap before
{Heap before GC invocations=2116 (full 2089):
 garbage-first heap   total 81920K, used 32091K [0x00000000c0000000, 0x0000000100000000)
  region size 1024K, 1 young (1024K), 0 survivors (0K)
 Metaspace       used 55814K, committed 56320K, reserved 1114112K
  class space    used 7107K, committed 7360K, reserved 1048576K
}
Event: 21530.443 GC heap after
{Heap after GC invocations=2117 (full 2090):
 garbage-first heap   total 81920K, used 32091K [0x00000000c0000000, 0x0000000100000000)
  region size 1024K, 0 young (0K), 0 survivors (0K)
 Metaspace       used 55814K, committed 56320K, reserved 1114112K
  class space    used 7107K, committed 7360K, reserved 1048576K
}
Event: 21540.545 GC heap before
{Heap before GC invocations=2117 (full 2090):
 garbage-first heap   total 81920K, used 32091K [0x00000000c0000000, 0x0000000100000000)
  region size 1024K, 1 young (1024K), 0 survivors (0K)
 Metaspace       used 55814K, committed 56320K, reserved 1114112K
  class space    used 7107K, committed 7360K, reserved 1048576K
}
Event: 21540.567 GC heap after
{Heap after GC invocations=2118 (full 2091):
 garbage-first heap   total 81920K, used 32091K [0x00000000c0000000, 0x0000000100000000)
  region size 1024K, 0 young (0K), 0 survivors (0K)
 Metaspace       used 55814K, committed 56320K, reserved 1114112K
  class space    used 7107K, committed 7360K, reserved 1048576K
}
Event: 21550.720 GC heap before
{Heap before GC invocations=2118 (full 2091):
 garbage-first heap   total 81920K, used 32091K [0x00000000c0000000, 0x0000000100000000)
  region size 1024K, 1 young (1024K), 0 survivors (0K)
 Metaspace       used 55814K, committed 56320K, reserved 1114112K
  class space    used 7107K, committed 7360K, reserved 1048576K
}
Event: 21550.769 GC heap after
{Heap after GC invocations=2119 (full 2092):
 garbage-first heap   total 81920K, used 32091K [0x00000000c0000000, 0x0000000100000000)
  region size 1024K, 0 young (0K), 0 survivors (0K)
 Metaspace       used 55814K, committed 56320K, reserved 1114112K
  class space    used 7107K, committed 7360K, reserved 1048576K
}
Event: 21560.872 GC heap before
{Heap before GC invocations=2119 (full 2092):
 garbage-first heap   total 81920K, used 32091K [0x00000000c0000000, 0x0000000100000000)
  region size 1024K, 1 young (1024K), 0 survivors (0K)
 Metaspace       used 55814K, committed 56320K, reserved 1114112K
  class space    used 7107K, committed 7360K, reserved 1048576K
}
Event: 21560.895 GC heap after
{Heap after GC invocations=2120 (full 2093):
 garbage-first heap   total 81920K, used 32091K [0x00000000c0000000, 0x0000000100000000)
  region size 1024K, 0 young (0K), 0 survivors (0K)
 Metaspace       used 55814K, committed 56320K, reserved 1114112K
  class space    used 7107K, committed 7360K, reserved 1048576K
}

