# JRE version: OpenJDK Runtime Environment Temurin-17.0.8.1+1 (17.0.8.1+1) (build 17.0.8.1+1)
# Java VM: OpenJDK 64-Bit Server VM Temurin-17.0.8.1+1 (17.0.8.1+1, mixed mode, tiered, compressed oops, compressed class ptrs, g1 gc, windows-amd64)
GC Precious Log:
 CPUs: 12 total, 12 available
 Memory: 8013M
 Large Page Support: Disabled
 NUMA Support: Disabled
 Compressed Oops: Enabled (32-bit)
 Heap Region Size: 1M
 Heap Min Capacity: 8M
 Heap Initial Capacity: 126M
 Heap Max Capacity: 2004M
 Pre-touch: Disabled
 Parallel Workers: 10
 Concurrent Workers: 3
 Concurrent Refinement Workers: 10
 Periodic GC: Disabled
Heap:
 garbage-first heap   total 70656K, used 56432K [0x0000000082c00000, 0x0000000100000000)
  region size 1024K, 24 young (24576K), 3 survivors (3072K)
 Metaspace       used 77482K, committed 78080K, reserved 1179648K
  class space    used 10197K, committed 10496K, reserved 1048576K
GC Heap History (20 events):
Event: 7.290 GC heap before
{Heap before GC invocations=21 (full 0):
 garbage-first heap   total 55296K, used 44274K [0x0000000082c00000, 0x0000000100000000)
  region size 1024K, 19 young (19456K), 3 survivors (3072K)
 Metaspace       used 65711K, committed 66240K, reserved 1114112K
  class space    used 8673K, committed 8896K, reserved 1048576K
}
Event: 7.293 GC heap after
{Heap after GC invocations=22 (full 0):
 garbage-first heap   total 55296K, used 29072K [0x0000000082c00000, 0x0000000100000000)
  region size 1024K, 2 young (2048K), 2 survivors (2048K)
 Metaspace       used 65711K, committed 66240K, reserved 1114112K
  class space    used 8673K, committed 8896K, reserved 1048576K
}
Event: 7.402 GC heap before
{Heap before GC invocations=23 (full 0):
 garbage-first heap   total 58368K, used 43408K [0x0000000082c00000, 0x0000000100000000)
  region size 1024K, 16 young (16384K), 2 survivors (2048K)
 Metaspace       used 65943K, committed 66432K, reserved 1114112K
  class space    used 8706K, committed 8896K, reserved 1048576K
}
Event: 7.404 GC heap after
{Heap after GC invocations=24 (full 0):
 garbage-first heap   total 58368K, used 29448K [0x0000000082c00000, 0x0000000100000000)
  region size 1024K, 2 young (2048K), 2 survivors (2048K)
 Metaspace       used 65943K, committed 66432K, reserved 1114112K
  class space    used 8706K, committed 8896K, reserved 1048576K
}
Event: 7.504 GC heap before
{Heap before GC invocations=24 (full 0):
 garbage-first heap   total 58368K, used 46856K [0x0000000082c00000, 0x0000000100000000)
  region size 1024K, 19 young (19456K), 2 survivors (2048K)
 Metaspace       used 66223K, committed 66752K, reserved 1114112K
  class space    used 8720K, committed 8960K, reserved 1048576K
}
Event: 7.506 GC heap after
{Heap after GC invocations=25 (full 0):
 garbage-first heap   total 70656K, used 30322K [0x0000000082c00000, 0x0000000100000000)
  region size 1024K, 2 young (2048K), 2 survivors (2048K)
 Metaspace       used 66223K, committed 66752K, reserved 1114112K
  class space    used 8720K, committed 8960K, reserved 1048576K
}
Event: 7.925 GC heap before
{Heap before GC invocations=26 (full 0):
 garbage-first heap   total 70656K, used 56946K [0x0000000082c00000, 0x0000000100000000)
  region size 1024K, 28 young (28672K), 2 survivors (2048K)
 Metaspace       used 69229K, committed 69824K, reserved 1114112K
  class space    used 9121K, committed 9408K, reserved 1048576K
}
Event: 7.928 GC heap after
{Heap after GC invocations=27 (full 0):
 garbage-first heap   total 70656K, used 31953K [0x0000000082c00000, 0x0000000100000000)
  region size 1024K, 4 young (4096K), 4 survivors (4096K)
 Metaspace       used 69229K, committed 69824K, reserved 1114112K
  class space    used 9121K, committed 9408K, reserved 1048576K
}
Event: 8.390 GC heap before
{Heap before GC invocations=27 (full 0):
 garbage-first heap   total 70656K, used 56529K [0x0000000082c00000, 0x0000000100000000)
  region size 1024K, 28 young (28672K), 4 survivors (4096K)
 Metaspace       used 71997K, committed 72512K, reserved 1114112K
  class space    used 9501K, committed 9728K, reserved 1048576K
}
Event: 8.394 GC heap after
{Heap after GC invocations=28 (full 0):
 garbage-first heap   total 70656K, used 34132K [0x0000000082c00000, 0x0000000100000000)
  region size 1024K, 4 young (4096K), 4 survivors (4096K)
 Metaspace       used 71997K, committed 72512K, reserved 1114112K
  class space    used 9501K, committed 9728K, reserved 1048576K
}
Event: 199.606 GC heap before
{Heap before GC invocations=28 (full 0):
 garbage-first heap   total 70656K, used 57684K [0x0000000082c00000, 0x0000000100000000)
  region size 1024K, 27 young (27648K), 4 survivors (4096K)
 Metaspace       used 72734K, committed 73216K, reserved 1114112K
  class space    used 9602K, committed 9792K, reserved 1048576K
}
Event: 199.610 GC heap after
{Heap after GC invocations=29 (full 0):
 garbage-first heap   total 70656K, used 34440K [0x0000000082c00000, 0x0000000100000000)
  region size 1024K, 3 young (3072K), 3 survivors (3072K)
 Metaspace       used 72734K, committed 73216K, reserved 1114112K
  class space    used 9602K, committed 9792K, reserved 1048576K
}
Event: 479.115 GC heap before
{Heap before GC invocations=29 (full 0):
 garbage-first heap   total 70656K, used 56968K [0x0000000082c00000, 0x0000000100000000)
  region size 1024K, 25 young (25600K), 3 survivors (3072K)
 Metaspace       used 72791K, committed 73280K, reserved 1114112K
  class space    used 9602K, committed 9792K, reserved 1048576K
}
Event: 479.118 GC heap after
{Heap after GC invocations=30 (full 0):
 garbage-first heap   total 70656K, used 34551K [0x0000000082c00000, 0x0000000100000000)
  region size 1024K, 1 young (1024K), 1 survivors (1024K)
 Metaspace       used 72791K, committed 73280K, reserved 1114112K
  class space    used 9602K, committed 9792K, reserved 1048576K
}
Event: 773.027 GC heap before
{Heap before GC invocations=31 (full 0):
 garbage-first heap   total 70656K, used 58103K [0x0000000082c00000, 0x0000000100000000)
  region size 1024K, 24 young (24576K), 1 survivors (1024K)
 Metaspace       used 72779K, committed 73280K, reserved 1114112K
  class space    used 9599K, committed 9792K, reserved 1048576K
}
Event: 773.029 GC heap after
{Heap after GC invocations=32 (full 0):
 garbage-first heap   total 70656K, used 34493K [0x0000000082c00000, 0x0000000100000000)
  region size 1024K, 1 young (1024K), 1 survivors (1024K)
 Metaspace       used 72779K, committed 73280K, reserved 1114112K
  class space    used 9599K, committed 9792K, reserved 1048576K
}
Event: 797.736 GC heap before
{Heap before GC invocations=32 (full 0):
 garbage-first heap   total 70656K, used 36541K [0x0000000082c00000, 0x0000000100000000)
  region size 1024K, 3 young (3072K), 1 survivors (1024K)
 Metaspace       used 72790K, committed 73280K, reserved 1114112K
  class space    used 9599K, committed 9792K, reserved 1048576K
}
Event: 797.739 GC heap after
{Heap after GC invocations=33 (full 0):
 garbage-first heap   total 70656K, used 33814K [0x0000000082c00000, 0x0000000100000000)
  region size 1024K, 1 young (1024K), 1 survivors (1024K)
 Metaspace       used 72790K, committed 73280K, reserved 1114112K
  class space    used 9599K, committed 9792K, reserved 1048576K
}
Event: 800.313 GC heap before
{Heap before GC invocations=33 (full 0):
 garbage-first heap   total 70656K, used 59414K [0x0000000082c00000, 0x0000000100000000)
  region size 1024K, 26 young (26624K), 1 survivors (1024K)
 Metaspace       used 76960K, committed 77568K, reserved 1179648K
  class space    used 10158K, committed 10432K, reserved 1048576K
}
Event: 800.323 GC heap after
{Heap after GC invocations=34 (full 0):
 garbage-first heap   total 70656K, used 35952K [0x0000000082c00000, 0x0000000100000000)
  region size 1024K, 3 young (3072K), 3 survivors (3072K)
 Metaspace       used 76960K, committed 77568K, reserved 1179648K
  class space    used 10158K, committed 10432K, reserved 1048576K
}

