# JRE version: OpenJDK Runtime Environment Temurin-17.0.8.1+1 (17.0.8.1+1) (build 17.0.8.1+1)
# Java VM: OpenJDK 64-Bit Server VM Temurin-17.0.8.1+1 (17.0.8.1+1, mixed mode, tiered, compressed oops, compressed class ptrs, g1 gc, windows-amd64)
GC Precious Log:
 CPUs: 12 total, 12 available
 Memory: 8013M
 Large Page Support: Disabled
 NUMA Support: Disabled
 Compressed Oops: Enabled (32-bit)
 Heap Region Size: 1M
 Heap Min Capacity: 8M
 Heap Initial Capacity: 126M
 Heap Max Capacity: 2004M
 Pre-touch: Disabled
 Parallel Workers: 10
 Concurrent Workers: 3
 Concurrent Refinement Workers: 10
 Periodic GC: Disabled
Heap:
 garbage-first heap   total 337920K, used 58283K [0x0000000082c00000, 0x0000000100000000)
  region size 1024K, 19 young (19456K), 1 survivors (1024K)
 Metaspace       used 100049K, committed 116672K, reserved 1245184K
  class space    used 11666K, committed 13504K, reserved 1048576K
GC Heap History (20 events):
Event: 41817.144 GC heap before
{Heap before GC invocations=719 (full 111):
 garbage-first heap   total 112640K, used 99788K [0x0000000082c00000, 0x0000000100000000)
  region size 1024K, 56 young (57344K), 1 survivors (1024K)
 Metaspace       used 100121K, committed 116736K, reserved 1245184K
  class space    used 11672K, committed 13504K, reserved 1048576K
}
Event: 41817.146 GC heap after
{Heap after GC invocations=720 (full 111):
 garbage-first heap   total 112640K, used 43508K [0x0000000082c00000, 0x0000000100000000)
  region size 1024K, 1 young (1024K), 1 survivors (1024K)
 Metaspace       used 100121K, committed 116736K, reserved 1245184K
  class space    used 11672K, committed 13504K, reserved 1048576K
}
Event: 41911.501 GC heap before
{Heap before GC invocations=720 (full 111):
 garbage-first heap   total 112640K, used 99828K [0x0000000082c00000, 0x0000000100000000)
  region size 1024K, 56 young (57344K), 1 survivors (1024K)
 Metaspace       used 100124K, committed 116736K, reserved 1245184K
  class space    used 11672K, committed 13504K, reserved 1048576K
}
Event: 41911.508 GC heap after
{Heap after GC invocations=721 (full 111):
 garbage-first heap   total 112640K, used 43695K [0x0000000082c00000, 0x0000000100000000)
  region size 1024K, 1 young (1024K), 1 survivors (1024K)
 Metaspace       used 100124K, committed 116736K, reserved 1245184K
  class space    used 11672K, committed 13504K, reserved 1048576K
}
Event: 41911.614 GC heap before
{Heap before GC invocations=721 (full 111):
 garbage-first heap   total 112640K, used 43695K [0x0000000082c00000, 0x0000000100000000)
  region size 1024K, 2 young (2048K), 1 survivors (1024K)
 Metaspace       used 100125K, committed 116736K, reserved 1245184K
  class space    used 11672K, committed 13504K, reserved 1048576K
}
Event: 41912.965 GC heap after
{Heap after GC invocations=722 (full 112):
 garbage-first heap   total 112640K, used 31982K [0x0000000082c00000, 0x0000000100000000)
  region size 1024K, 0 young (0K), 0 survivors (0K)
 Metaspace       used 98841K, committed 116672K, reserved 1245184K
  class space    used 11560K, committed 13504K, reserved 1048576K
}
Event: 41913.723 GC heap before
{Heap before GC invocations=722 (full 112):
 garbage-first heap   total 112640K, used 97518K [0x0000000082c00000, 0x0000000100000000)
  region size 1024K, 65 young (66560K), 0 survivors (0K)
 Metaspace       used 99291K, committed 116672K, reserved 1245184K
  class space    used 11609K, committed 13504K, reserved 1048576K
}
Event: 41913.735 GC heap after
{Heap after GC invocations=723 (full 112):
 garbage-first heap   total 112640K, used 38211K [0x0000000082c00000, 0x0000000100000000)
  region size 1024K, 7 young (7168K), 7 survivors (7168K)
 Metaspace       used 99291K, committed 116672K, reserved 1245184K
  class space    used 11609K, committed 13504K, reserved 1048576K
}
Event: 41914.114 GC heap before
{Heap before GC invocations=723 (full 112):
 garbage-first heap   total 112640K, used 91459K [0x0000000082c00000, 0x0000000100000000)
  region size 1024K, 59 young (60416K), 7 survivors (7168K)
 Metaspace       used 99767K, committed 116672K, reserved 1245184K
  class space    used 11651K, committed 13504K, reserved 1048576K
}
Event: 41914.129 GC heap after
{Heap after GC invocations=724 (full 112):
 garbage-first heap   total 112640K, used 41757K [0x0000000082c00000, 0x0000000100000000)
  region size 1024K, 4 young (4096K), 4 survivors (4096K)
 Metaspace       used 99767K, committed 116672K, reserved 1245184K
  class space    used 11651K, committed 13504K, reserved 1048576K
}
Event: 41927.958 GC heap before
{Heap before GC invocations=724 (full 112):
 garbage-first heap   total 112640K, used 90909K [0x0000000082c00000, 0x0000000100000000)
  region size 1024K, 52 young (53248K), 4 survivors (4096K)
 Metaspace       used 99997K, committed 116672K, reserved 1245184K
  class space    used 11669K, committed 13504K, reserved 1048576K
}
Event: 41927.962 GC heap after
{Heap after GC invocations=725 (full 112):
 garbage-first heap   total 112640K, used 44352K [0x0000000082c00000, 0x0000000100000000)
  region size 1024K, 4 young (4096K), 4 survivors (4096K)
 Metaspace       used 99997K, committed 116672K, reserved 1245184K
  class space    used 11669K, committed 13504K, reserved 1048576K
}
Event: 42005.258 GC heap before
{Heap before GC invocations=725 (full 112):
 garbage-first heap   total 112640K, used 90432K [0x0000000082c00000, 0x0000000100000000)
  region size 1024K, 49 young (50176K), 4 survivors (4096K)
 Metaspace       used 99997K, committed 116672K, reserved 1245184K
  class space    used 11669K, committed 13504K, reserved 1048576K
}
Event: 42005.262 GC heap after
{Heap after GC invocations=726 (full 112):
 garbage-first heap   total 112640K, used 44235K [0x0000000082c00000, 0x0000000100000000)
  region size 1024K, 3 young (3072K), 3 survivors (3072K)
 Metaspace       used 99997K, committed 116672K, reserved 1245184K
  class space    used 11669K, committed 13504K, reserved 1048576K
}
Event: 42052.519 GC heap before
{Heap before GC invocations=727 (full 112):
 garbage-first heap   total 112640K, used 91339K [0x0000000082c00000, 0x0000000100000000)
  region size 1024K, 50 young (51200K), 3 survivors (3072K)
 Metaspace       used 100036K, committed 116672K, reserved 1245184K
  class space    used 11666K, committed 13504K, reserved 1048576K
}
Event: 42052.524 GC heap after
{Heap after GC invocations=728 (full 112):
 garbage-first heap   total 112640K, used 45582K [0x0000000082c00000, 0x0000000100000000)
  region size 1024K, 5 young (5120K), 5 survivors (5120K)
 Metaspace       used 100036K, committed 116672K, reserved 1245184K
  class space    used 11666K, committed 13504K, reserved 1048576K
}
Event: 42052.526 GC heap before
{Heap before GC invocations=728 (full 112):
 garbage-first heap   total 112640K, used 46606K [0x0000000082c00000, 0x0000000100000000)
  region size 1024K, 6 young (6144K), 5 survivors (5120K)
 Metaspace       used 100036K, committed 116672K, reserved 1245184K
  class space    used 11666K, committed 13504K, reserved 1048576K
}
Event: 42052.531 GC heap after
{Heap after GC invocations=729 (full 112):
 garbage-first heap   total 112640K, used 40970K [0x0000000082c00000, 0x0000000100000000)
  region size 1024K, 1 young (1024K), 1 survivors (1024K)
 Metaspace       used 100036K, committed 116672K, reserved 1245184K
  class space    used 11666K, committed 13504K, reserved 1048576K
}
Event: 42052.740 GC heap before
{Heap before GC invocations=729 (full 112):
 garbage-first heap   total 112640K, used 93194K [0x0000000082c00000, 0x0000000100000000)
  region size 1024K, 52 young (53248K), 1 survivors (1024K)
 Metaspace       used 100044K, committed 116672K, reserved 1245184K
  class space    used 11666K, committed 13504K, reserved 1048576K
}
Event: 42052.749 GC heap after
{Heap after GC invocations=730 (full 112):
 garbage-first heap   total 337920K, used 40875K [0x0000000082c00000, 0x0000000100000000)
  region size 1024K, 1 young (1024K), 1 survivors (1024K)
 Metaspace       used 100044K, committed 116672K, reserved 1245184K
  class space    used 11666K, committed 13504K, reserved 1048576K
}

