# JRE version: OpenJDK Runtime Environment Temurin-17.0.8.1+1 (17.0.8.1+1) (build 17.0.8.1+1)
# Java VM: OpenJDK 64-Bit Server VM Temurin-17.0.8.1+1 (17.0.8.1+1, mixed mode, emulated-client, tiered, compressed oops, compressed class ptrs, g1 gc, windows-amd64)
GC Precious Log:
 CPUs: 12 total, 12 available
 Memory: 8013M
 Large Page Support: Disabled
 NUMA Support: Disabled
 Compressed Oops: Enabled (32-bit)
 Heap Region Size: 1M
 Heap Min Capacity: 8M
 Heap Initial Capacity: 126M
 Heap Max Capacity: 1G
 Pre-touch: Disabled
 Parallel Workers: 10
 Concurrent Workers: 3
 Concurrent Refinement Workers: 10
 Periodic GC: Disabled
Heap:
 garbage-first heap   total 81920K, used 24056K [0x00000000c0000000, 0x0000000100000000)
  region size 1024K, 1 young (1024K), 0 survivors (0K)
 Metaspace       used 55433K, committed 56128K, reserved 1114112K
  class space    used 7018K, committed 7296K, reserved 1048576K
GC Heap History (20 events):
Event: 16.317 GC heap before
{Heap before GC invocations=25 (full 0):
 garbage-first heap   total 97280K, used 45906K [0x00000000c0000000, 0x0000000100000000)
  region size 1024K, 4 young (4096K), 3 survivors (3072K)
 Metaspace       used 53990K, committed 54400K, reserved 1114112K
  class space    used 6845K, committed 7040K, reserved 1048576K
}
Event: 16.319 GC heap after
{Heap after GC invocations=26 (full 0):
 garbage-first heap   total 97280K, used 45032K [0x00000000c0000000, 0x0000000100000000)
  region size 1024K, 1 young (1024K), 1 survivors (1024K)
 Metaspace       used 53990K, committed 54400K, reserved 1114112K
  class space    used 6845K, committed 7040K, reserved 1048576K
}
Event: 16.480 GC heap before
{Heap before GC invocations=26 (full 0):
 garbage-first heap   total 97280K, used 78824K [0x00000000c0000000, 0x0000000100000000)
  region size 1024K, 34 young (34816K), 1 survivors (1024K)
 Metaspace       used 54202K, committed 54656K, reserved 1114112K
  class space    used 6872K, committed 7104K, reserved 1048576K
}
Event: 16.481 GC heap after
{Heap after GC invocations=27 (full 0):
 garbage-first heap   total 97280K, used 46262K [0x00000000c0000000, 0x0000000100000000)
  region size 1024K, 2 young (2048K), 2 survivors (2048K)
 Metaspace       used 54202K, committed 54656K, reserved 1114112K
  class space    used 6872K, committed 7104K, reserved 1048576K
}
Event: 54.162 GC heap before
{Heap before GC invocations=28 (full 0):
 garbage-first heap   total 97280K, used 74934K [0x00000000c0000000, 0x0000000100000000)
  region size 1024K, 32 young (32768K), 2 survivors (2048K)
 Metaspace       used 55650K, committed 56128K, reserved 1114112K
  class space    used 7068K, committed 7296K, reserved 1048576K
}
Event: 54.191 GC heap after
{Heap after GC invocations=29 (full 1):
 garbage-first heap   total 97280K, used 35166K [0x00000000c0000000, 0x0000000100000000)
  region size 1024K, 0 young (0K), 0 survivors (0K)
 Metaspace       used 55650K, committed 56128K, reserved 1114112K
  class space    used 7068K, committed 7296K, reserved 1048576K
}
Event: 64.564 GC heap before
{Heap before GC invocations=29 (full 1):
 garbage-first heap   total 97280K, used 35166K [0x00000000c0000000, 0x0000000100000000)
  region size 1024K, 1 young (1024K), 0 survivors (0K)
 Metaspace       used 55651K, committed 56128K, reserved 1114112K
  class space    used 7068K, committed 7296K, reserved 1048576K
}
Event: 64.592 GC heap after
{Heap after GC invocations=30 (full 2):
 garbage-first heap   total 97280K, used 28243K [0x00000000c0000000, 0x0000000100000000)
  region size 1024K, 0 young (0K), 0 survivors (0K)
 Metaspace       used 55651K, committed 56128K, reserved 1114112K
  class space    used 7068K, committed 7296K, reserved 1048576K
}
Event: 74.791 GC heap before
{Heap before GC invocations=30 (full 2):
 garbage-first heap   total 97280K, used 28243K [0x00000000c0000000, 0x0000000100000000)
  region size 1024K, 1 young (1024K), 0 survivors (0K)
 Metaspace       used 55651K, committed 56128K, reserved 1114112K
  class space    used 7068K, committed 7296K, reserved 1048576K
}
Event: 74.809 GC heap after
{Heap after GC invocations=31 (full 3):
 garbage-first heap   total 97280K, used 28242K [0x00000000c0000000, 0x0000000100000000)
  region size 1024K, 0 young (0K), 0 survivors (0K)
 Metaspace       used 55651K, committed 56128K, reserved 1114112K
  class space    used 7068K, committed 7296K, reserved 1048576K
}
Event: 84.940 GC heap before
{Heap before GC invocations=31 (full 3):
 garbage-first heap   total 97280K, used 28242K [0x00000000c0000000, 0x0000000100000000)
  region size 1024K, 1 young (1024K), 0 survivors (0K)
 Metaspace       used 55652K, committed 56128K, reserved 1114112K
  class space    used 7068K, committed 7296K, reserved 1048576K
}
Event: 84.977 GC heap after
{Heap after GC invocations=32 (full 4):
 garbage-first heap   total 97280K, used 28242K [0x00000000c0000000, 0x0000000100000000)
  region size 1024K, 0 young (0K), 0 survivors (0K)
 Metaspace       used 55652K, committed 56128K, reserved 1114112K
  class space    used 7068K, committed 7296K, reserved 1048576K
}
Event: 95.186 GC heap before
{Heap before GC invocations=32 (full 4):
 garbage-first heap   total 97280K, used 28242K [0x00000000c0000000, 0x0000000100000000)
  region size 1024K, 1 young (1024K), 0 survivors (0K)
 Metaspace       used 55652K, committed 56128K, reserved 1114112K
  class space    used 7068K, committed 7296K, reserved 1048576K
}
Event: 95.264 GC heap after
{Heap after GC invocations=33 (full 5):
 garbage-first heap   total 86016K, used 24056K [0x00000000c0000000, 0x0000000100000000)
  region size 1024K, 0 young (0K), 0 survivors (0K)
 Metaspace       used 55433K, committed 56128K, reserved 1114112K
  class space    used 7018K, committed 7296K, reserved 1048576K
}
Event: 105.711 GC heap before
{Heap before GC invocations=33 (full 5):
 garbage-first heap   total 86016K, used 24056K [0x00000000c0000000, 0x0000000100000000)
  region size 1024K, 1 young (1024K), 0 survivors (0K)
 Metaspace       used 55433K, committed 56128K, reserved 1114112K
  class space    used 7018K, committed 7296K, reserved 1048576K
}
Event: 105.754 GC heap after
{Heap after GC invocations=34 (full 6):
 garbage-first heap   total 81920K, used 24056K [0x00000000c0000000, 0x0000000100000000)
  region size 1024K, 0 young (0K), 0 survivors (0K)
 Metaspace       used 55433K, committed 56128K, reserved 1114112K
  class space    used 7018K, committed 7296K, reserved 1048576K
}
Event: 115.930 GC heap before
{Heap before GC invocations=34 (full 6):
 garbage-first heap   total 81920K, used 24056K [0x00000000c0000000, 0x0000000100000000)
  region size 1024K, 1 young (1024K), 0 survivors (0K)
 Metaspace       used 55433K, committed 56128K, reserved 1114112K
  class space    used 7018K, committed 7296K, reserved 1048576K
}
Event: 115.953 GC heap after
{Heap after GC invocations=35 (full 7):
 garbage-first heap   total 81920K, used 24056K [0x00000000c0000000, 0x0000000100000000)
  region size 1024K, 0 young (0K), 0 survivors (0K)
 Metaspace       used 55433K, committed 56128K, reserved 1114112K
  class space    used 7018K, committed 7296K, reserved 1048576K
}
Event: 126.096 GC heap before
{Heap before GC invocations=35 (full 7):
 garbage-first heap   total 81920K, used 24056K [0x00000000c0000000, 0x0000000100000000)
  region size 1024K, 1 young (1024K), 0 survivors (0K)
 Metaspace       used 55433K, committed 56128K, reserved 1114112K
  class space    used 7018K, committed 7296K, reserved 1048576K
}
Event: 126.123 GC heap after
{Heap after GC invocations=36 (full 8):
 garbage-first heap   total 81920K, used 24056K [0x00000000c0000000, 0x0000000100000000)
  region size 1024K, 0 young (0K), 0 survivors (0K)
 Metaspace       used 55433K, committed 56128K, reserved 1114112K
  class space    used 7018K, committed 7296K, reserved 1048576K
}

